[debug] [2024-09-10T11:49:10.686Z] ----------------------------------------------------------------------
[debug] [2024-09-10T11:49:10.690Z] Command:       /nix/store/aspnwxp3q1wvg8jd1zg0295zmhr3lkb3-nodejs-18.19.1/bin/node /nix/store/pf4ama10fsjb161xrxgsyqi21qm10wc6-firebase-tools-13.13.1/lib/node_modules/firebase-tools/lib/bin/firebase.js init hosting
[debug] [2024-09-10T11:49:10.691Z] CLI Version:   13.13.1
[debug] [2024-09-10T11:49:10.692Z] Platform:      linux
[debug] [2024-09-10T11:49:10.692Z] Node Version:  v18.19.1
[debug] [2024-09-10T11:49:10.693Z] Time:          Tue Sep 10 2024 11:49:10 GMT+0000 (Coordinated Universal Time)
[debug] [2024-09-10T11:49:10.693Z] ----------------------------------------------------------------------
[debug] 
[debug] [2024-09-10T11:49:10.907Z] > command requires scopes: ["email","openid","https://www.googleapis.com/auth/cloudplatformprojects.readonly","https://www.googleapis.com/auth/firebase","https://www.googleapis.com/auth/cloud-platform"]
[debug] [2024-09-10T11:49:10.908Z] > authorizing via signed-in user (mbilal2913@gmail.com)
[info] 
     ######## #### ########  ######## ########     ###     ######  ########
     ##        ##  ##     ## ##       ##     ##  ##   ##  ##       ##
     ######    ##  ########  ######   ########  #########  ######  ######
     ##        ##  ##    ##  ##       ##     ## ##     ##       ## ##
     ##       #### ##     ## ######## ########  ##     ##  ######  ########

You're about to initialize a Firebase project in this directory:

  /home/user/Lara

Before we get started, keep in mind:

  * You are initializing within an existing Firebase project directory

[info] 
=== Project Setup
[info] 
[info] First, let's associate this project directory with a Firebase project.
[info] You can create multiple project aliases by running firebase use --add, 
[info] but for now we'll just set up a default project.
[info] 
[debug] [2024-09-10T11:49:10.916Z] Using project from CLI flag: apps-398413
[debug] [2024-09-10T11:49:10.922Z] >>> [apiv2][query] GET https://firebase.googleapis.com/v1beta1/projects/apps-398413 [none]
[debug] [2024-09-10T11:49:11.316Z] <<< [apiv2][status] GET https://firebase.googleapis.com/v1beta1/projects/apps-398413 200
[debug] [2024-09-10T11:49:11.324Z] <<< [apiv2][body] GET https://firebase.googleapis.com/v1beta1/projects/apps-398413 {"projectId":"apps-398413","projectNumber":"953750496256","displayName":"Apps","name":"projects/apps-398413","resources":{"hostingSite":"apps-398413"},"state":"ACTIVE","etag":"1_961e0af3-f629-47d5-918d-552560edf5e3"}
[info] i  Using project apps-398413 (Apps) 
[info] 
=== Hosting Setup
[debug] [2024-09-10T11:49:11.337Z] >>> [apiv2][query] GET https://firebase.googleapis.com/v1beta1/projects/apps-398413 [none]
[debug] [2024-09-10T11:49:11.595Z] <<< [apiv2][status] GET https://firebase.googleapis.com/v1beta1/projects/apps-398413 200
[debug] [2024-09-10T11:49:11.595Z] <<< [apiv2][body] GET https://firebase.googleapis.com/v1beta1/projects/apps-398413 {"projectId":"apps-398413","projectNumber":"953750496256","displayName":"Apps","name":"projects/apps-398413","resources":{"hostingSite":"apps-398413"},"state":"ACTIVE","etag":"1_961e0af3-f629-47d5-918d-552560edf5e3"}
